<?xml version="1.0" encoding="UTF-8" ?>
<testsuite tests="1" failures="0" name="runners.TestRunner" time="0.25" errors="1" skipped="0">
  <properties>
[...]
</properties>
  <testcase classname="SuperAdmin" name="Verify wherther login screen is displayed or not when user enter the url" time="0.25">
    <error type="java.lang.NullPointerException">java.lang.NullPointerException
	at steps.fhrms.enter_url_of_superadmin(fhrms.java:97)
	at ✽.Enter Url of SuperAdmin(file:///C:/Users/AshwiniHS/FHRMS/fams/src/test/java/features/superadmin.feature:9)
</error>
  </testcase>
</testsuite>