<?xml version="1.0" encoding="UTF-8"?>
<testsuite xmlns:xsi="http://www.w3.org/2001/XMLSchema-instance" xsi:noNamespaceSchemaLocation="https://maven.apache.org/surefire/maven-surefire-plugin/xsd/surefire-test-report.xsd" name="Organization Service API Testing" time="4.078" tests="82" errors="0" skipped="0" failures="1">
  <properties>
[...]
</properties>
  <testcase name="Generate oAuth token for Authorization Service" classname="Organization Service API Testing" time="2.03"/>
  <testcase name="Create a Company" classname="Organization Service API Testing" time="0.075"/>
  <testcase name="Verify the company ##And generate admin token" classname="Organization Service API Testing" time="0.076"/>
  <testcase name="Get data from authorization service and save it in Organization Service" classname="Organization Service API Testing" time="0.001"/>
  <testcase name="validate data for employee creation" classname="Organization Service API Testing" time="0.001"/>
  <testcase name="Create Employee" classname="Organization Service API Testing" time="0.116"/>
  <testcase name="Create a Department" classname="Organization Service API Testing" time="0.032"/>
  <testcase name="Create designation" classname="Organization Service API Testing" time="0.04"/>
  <testcase name="Get Designation by id or code" classname="Organization Service API Testing" time="0.032"/>
  <testcase name="Get all Designations" classname="Organization Service API Testing" time="0.031"/>
  <testcase name="Get Designation hierarchy details" classname="Organization Service API Testing" time="0.022"/>
  <testcase name="Search Designation" classname="Organization Service API Testing" time="0.023"/>
  <testcase name="Update Designation" classname="Organization Service API Testing" time="0.027"/>
  <testcase name="Get Department by id" classname="Organization Service API Testing" time="0.039"/>
  <testcase name="Update Department" classname="Organization Service API Testing" time="0.029"/>
  <testcase name="Get all available Department" classname="Organization Service API Testing" time="0.026"/>
  <testcase name="Filter Department" classname="Organization Service API Testing" time="0.019"/>
  <testcase name="Get hierarchy department details by company id" classname="Organization Service API Testing" time="0.031"/>
  <testcase name="List all the designation and department details" classname="Organization Service API Testing" time="0.016"/>
  <testcase name="List all the role details" classname="Organization Service API Testing" time="0.027"/>
  <testcase name="Create document type" classname="Organization Service API Testing" time="0.034"/>
  <testcase name="Get document type" classname="Organization Service API Testing" time="0.022"/>
  <testcase name="Get document by ID" classname="Organization Service API Testing" time="0.035"/>
  <testcase name="Get document by ID" classname="Organization Service API Testing" time="0.015"/>
  <testcase name="update document type" classname="Organization Service API Testing" time="0.017"/>
  <testcase name="filter document type" classname="Organization Service API Testing" time="0.016"/>
  <testcase name="Create Document" classname="Organization Service API Testing" time="0.024"/>
  <testcase name="Get Document" classname="Organization Service API Testing" time="0.016"/>
  <testcase name="update document" classname="Organization Service API Testing" time="0.017"/>
  <testcase name="filter document" classname="Organization Service API Testing" time="0.027"/>
  <testcase name="delete document" classname="Organization Service API Testing" time="0.017"/>
  <testcase name="Create Credential type" classname="Organization Service API Testing" time="0.028"/>
  <testcase name="Get Credential Type" classname="Organization Service API Testing" time="0.02"/>
  <testcase name="Get Credential Type by ID" classname="Organization Service API Testing" time="0.035"/>
  <testcase name="Update Credential Type" classname="Organization Service API Testing" time="0.02"/>
  <testcase name="Filter credential Type" classname="Organization Service API Testing" time="0.019"/>
  <testcase name="create Phone type" classname="Organization Service API Testing" time="0.027"/>
  <testcase name="Get Phone Type" classname="Organization Service API Testing" time="0.02"/>
  <testcase name="Get Phone Type by ID" classname="Organization Service API Testing" time="0.027"/>
  <testcase name="Get PhoneType details by sending specific PhoneType details" classname="Organization Service API Testing" time="0.015"/>
  <testcase name="Update a PhoneType by sending the Phonetype details" classname="Organization Service API Testing" time="0.001"/>
  <testcase name="create email type" classname="Organization Service API Testing" time="0.025"/>
  <testcase name="Get Email Type" classname="Organization Service API Testing" time="0.015"/>
  <testcase name="Get Email Type by ID" classname="Organization Service API Testing" time="0.027"/>
  <testcase name="Get EmailType details by sending specific emailType details" classname="Organization Service API Testing" time="0.014"/>
  <testcase name="Update a EmailType by sending the emailtype details" classname="Organization Service API Testing" time="0.001"/>
  <testcase name="create Phone" classname="Organization Service API Testing" time="0.031"/>
  <testcase name="Get Phone" classname="Organization Service API Testing" time="0.015"/>
  <testcase name="Get Phone by ID" classname="Organization Service API Testing" time="0.015"/>
  <testcase name="Get Phone details by sending specific Phone details" classname="Organization Service API Testing" time="0.016"/>
  <testcase name="Update a Phone by sending the Phone details" classname="Organization Service API Testing" time="0.018"/>
  <testcase name="Delete a Phone by sending the Phone details" classname="Organization Service API Testing" time="0.014"/>
  <testcase name="create Email" classname="Organization Service API Testing" time="0.022"/>
  <testcase name="Get Email" classname="Organization Service API Testing" time="0.015"/>
  <testcase name="Get Email by ID" classname="Organization Service API Testing" time="0.016"/>
  <testcase name="Get Email details by sending specific Email details" classname="Organization Service API Testing" time="0.014"/>
  <testcase name="Update Email by sending the Email details" classname="Organization Service API Testing" time="0.015"/>
  <testcase name="Delete Email by sending the Email details" classname="Organization Service API Testing" time="0.013"/>
  <testcase name="Create Employee profile Photo" classname="Organization Service API Testing" time="0.074"/>
  <testcase name="Update Employee profile photo" classname="Organization Service API Testing" time="0.027"/>
  <testcase name="Get Employee profile photo by id" classname="Organization Service API Testing" time="0.047"/>
  <testcase name="Get Employee profile photo list" classname="Organization Service API Testing" time="0.091"/>
  <testcase name="Delete Employee profile photo by id" classname="Organization Service API Testing" time="0.013"/>
  <testcase name="Create Text and Bio Credential" classname="Organization Service API Testing" time="0.028">
    <failure message="1 expectation failed.&#10;Expected status code &lt;200&gt; but was &lt;500&gt;.&#10;" type="java.lang.AssertionError"><![CDATA[java.lang.AssertionError: 
1 expectation failed.
Expected status code <200> but was <500>.

]]></failure>
    <system-out><![CDATA[Request method:	POST
Request URI:	http://192.168.11.13:9096/api/v2.0/textCredential
Proxy:			<none>
Request params:	<none>
Query params:	<none>
Form params:	<none>
Path params:	<none>
Headers:		Authorization=Bearer eyJhbGciOiJSUzI1NiIsInR5cCI6IkpXVCJ9.eyJjb21wYW55Q29kZSI6IkNPTTg2NTQ4IiwibGFzdE5hbWUiOiJKZW5hIiwidXNlcl9uYW1lIjoibmFuaWdvcGFsQHprdGVjby5pbiIsInJvbGVJZCI6IjJjOTM4MDg1Nzk1MGZmNDAwMTc5NTBmZjUyZDIwMDAwIiwiY29tcGFueU5hbWUiOiJaS1RlQ28iLCJ2ZXJpZmllZCI6dHJ1ZSwiY2xpZW50X2lkIjoiNzE0M2YwN2NlMjkxNDY1MDllYWJlN2M1NWRmYTU1ZGQiLCJmaXJzdE5hbWUiOiJHb3BhbCIsImxhc3RMb2dpbkNvbXBhbnlJZCI6IjJjOTM4MDgzN2IxMDgyZWQwMTdiMTkzY2Q4YjcwMGY3IiwiYXVkIjpbIkRFRkFVTFQiXSwiY29tcGFueUlkIjoiMmM5MzgwODM3YjEwODJlZDAxN2IxOTNjZDhiNzAwZjciLCJwaG9uZSI6Iis5MS05Nzc3ODgxNDk4Iiwic2NvcGUiOlsiUkVBRCIsIldSSVRFIl0sInJvbGVDb2RlIjoib3duZXIiLCJyb2xlTmFtZSI6Ik93bmVyIiwiaWQiOiIyYzkzODA4Mzc1OTFlOTIxMDE3NTkyMGM0MTA1MDAwMCIsImlzc3VlZEF0IjoiRnJpIEF1ZyAwNiAwMjoxMzo0MyBVVEMgMjAyMSIsImV4cCI6MTYyODIxOTYxOCwianRpIjoiYzM0ZWRmODQtNmIyMy00ODY1LTk5OTQtODY1NGQyYzNmY2I1IiwiZW1haWwiOiJuYW5pZ29wYWxAemt0ZWNvLmluIn0.Z06KcdvSXJhwSXUOVN0DK4zMrqc0877AnUnPOP7CjOaT-x6aBilw6Xxof8c1eGF8uh43uG6sBmD7casXsemta3fk3KzUiQCx311zqR_mVAyV_I4XeWx6Fvdlc0AR1Dr7a3tgj5a3z7JZfYatXG22rPu3pyalh97mpAUSup5vYXO49YS2I26AZePHAfXzoK13oUlo_iOok8EAsUbmdslYmRNkI9HbbvWupzhzDFn3p9vsZ2QADqFmrWW1wYjJFshgPJnJ2iUXpjJW4WzUJS7IbYY5dC9VdGo45aPdCmM2_OBteIwqDXRmS3rFrRFJidKcJTvpZadgWn4jmaagSj9rAw
				Accept=*/*
				Content-Type=application/json; charset=UTF-8
Cookies:		<none>
Multiparts:		<none>
Body:
[
    {
        "textCredentialList": [
            {
                "credential": "APITextCred",
                "typeId": {
                    "id": "2c9780827b10827e017b193cdc24013b"
                },
                "validTill": "20-10-2021",
                "employeeId": {
                    "id": "2c9780827b10827e017b193cd94c0133",
                    "code": "700461"
                },
                "isDefault": true
            }
        ],
        "bioCredentialList": [
            {
                "credential": "APIBioCred",
                "typeId": {
                    "id": "2c9780827b10827e017b193cdc24013b"
                },
                "validTill": "20-10-2021",
                "employeeId": {
                    "id": "2c9780827b10827e017b193cd94c0133",
                    "code": "700461"
                },
                "isDefault": true
            }
        ]
    }
]
Request method:	POST
Request URI:	http://192.168.11.13:9096/api/v2.0/textCredential
Proxy:			<none>
Request params:	<none>
Query params:	<none>
Form params:	<none>
Path params:	<none>
Headers:		Authorization=Bearer eyJhbGciOiJSUzI1NiIsInR5cCI6IkpXVCJ9.eyJjb21wYW55Q29kZSI6IkNPTTg2NTQ4IiwibGFzdE5hbWUiOiJKZW5hIiwidXNlcl9uYW1lIjoibmFuaWdvcGFsQHprdGVjby5pbiIsInJvbGVJZCI6IjJjOTM4MDg1Nzk1MGZmNDAwMTc5NTBmZjUyZDIwMDAwIiwiY29tcGFueU5hbWUiOiJaS1RlQ28iLCJ2ZXJpZmllZCI6dHJ1ZSwiY2xpZW50X2lkIjoiNzE0M2YwN2NlMjkxNDY1MDllYWJlN2M1NWRmYTU1ZGQiLCJmaXJzdE5hbWUiOiJHb3BhbCIsImxhc3RMb2dpbkNvbXBhbnlJZCI6IjJjOTM4MDgzN2IxMDgyZWQwMTdiMTkzY2Q4YjcwMGY3IiwiYXVkIjpbIkRFRkFVTFQiXSwiY29tcGFueUlkIjoiMmM5MzgwODM3YjEwODJlZDAxN2IxOTNjZDhiNzAwZjciLCJwaG9uZSI6Iis5MS05Nzc3ODgxNDk4Iiwic2NvcGUiOlsiUkVBRCIsIldSSVRFIl0sInJvbGVDb2RlIjoib3duZXIiLCJyb2xlTmFtZSI6Ik93bmVyIiwiaWQiOiIyYzkzODA4Mzc1OTFlOTIxMDE3NTkyMGM0MTA1MDAwMCIsImlzc3VlZEF0IjoiRnJpIEF1ZyAwNiAwMjoxMzo0MyBVVEMgMjAyMSIsImV4cCI6MTYyODIxOTYxOCwianRpIjoiYzM0ZWRmODQtNmIyMy00ODY1LTk5OTQtODY1NGQyYzNmY2I1IiwiZW1haWwiOiJuYW5pZ29wYWxAemt0ZWNvLmluIn0.Z06KcdvSXJhwSXUOVN0DK4zMrqc0877AnUnPOP7CjOaT-x6aBilw6Xxof8c1eGF8uh43uG6sBmD7casXsemta3fk3KzUiQCx311zqR_mVAyV_I4XeWx6Fvdlc0AR1Dr7a3tgj5a3z7JZfYatXG22rPu3pyalh97mpAUSup5vYXO49YS2I26AZePHAfXzoK13oUlo_iOok8EAsUbmdslYmRNkI9HbbvWupzhzDFn3p9vsZ2QADqFmrWW1wYjJFshgPJnJ2iUXpjJW4WzUJS7IbYY5dC9VdGo45aPdCmM2_OBteIwqDXRmS3rFrRFJidKcJTvpZadgWn4jmaagSj9rAw
				Accept=*/*
				Content-Type=application/json; charset=UTF-8
Cookies:		<none>
Multiparts:		<none>
Body:
[
    {
        "textCredentialList": [
            {
                "credential": "APITextCred",
                "typeId": {
                    "id": "2c9780827b10827e017b193cdc24013b"
                },
                "validTill": "20-10-2021",
                "employeeId": {
                    "id": "2c9780827b10827e017b193cd94c0133",
                    "code": "700461"
                },
                "isDefault": true
            }
        ],
        "bioCredentialList": [
            {
                "credential": "APIBioCred",
                "typeId": {
                    "id": "2c9780827b10827e017b193cdc24013b"
                },
                "validTill": "20-10-2021",
                "employeeId": {
                    "id": "2c9780827b10827e017b193cd94c0133",
                    "code": "700461"
                },
                "isDefault": true
            }
        ]
    }
]
HTTP/1.1 500 
Vary: Origin
Vary: Access-Control-Request-Method
Vary: Access-Control-Request-Headers
Content-Type: application/json
Transfer-Encoding: chunked
Date: Fri, 06 Aug 2021 02:13:44 GMT
Connection: close

{
    "code": "OMSE0091",
    "message": "Internal server error.",
    "data": {
        
    }
}
]]></system-out>
  </testcase>
  <testcase name="Get Text Credential by id" classname="Organization Service API Testing" time="0.018"/>
  <testcase name="Update Text Credential using path paramenter" classname="Organization Service API Testing" time="0.012"/>
  <testcase name="Update Text Credential using body" classname="Organization Service API Testing" time="0.011"/>
  <testcase name="Get Text Credential by employee id" classname="Organization Service API Testing" time="0.011"/>
  <testcase name="Delete Text Credential by id" classname="Organization Service API Testing" time="0.003"/>
  <testcase name="Get bio Credential by id" classname="Organization Service API Testing" time="0.014"/>
  <testcase name="Update bio Credential" classname="Organization Service API Testing" time="0.017"/>
  <testcase name="Get bio Credential by employee id" classname="Organization Service API Testing" time="0.013"/>
  <testcase name="Delete bio Credential by id" classname="Organization Service API Testing" time="0.002"/>
  <testcase name="Get Employee by employee ID" classname="Organization Service API Testing" time="0.024"/>
  <testcase name="Get Employee List by department id" classname="Organization Service API Testing" time="0.015"/>
  <testcase name="Get Employee Details by filter" classname="Organization Service API Testing" time="0.021"/>
  <testcase name="Get employees" classname="Organization Service API Testing" time="0.026"/>
  <testcase name="Update Employee" classname="Organization Service API Testing" time="0.072"/>
  <testcase name="Delete Employee" classname="Organization Service API Testing" time="0.038"/>
  <testcase name="Delete Designation by id" classname="Organization Service API Testing" time="0.02"/>
  <testcase name="Delete Department by id" classname="Organization Service API Testing" time="0.02"/>
  <testcase name="Delete a company" classname="Organization Service API Testing" time="0.025"/>
</testsuite>